current directory: /Users/gespino/Desktop/Workspace/Misc/competency-matrix/bundle/gems/puma-3.10.0/ext/puma_http11
/Users/gespino/.rvm/rubies/ruby-2.3.1/bin/ruby -r ./siteconf20170919-32746-o4pf57.rb extconf.rb
checking for BIO_read() in -lcrypto... yes
checking for SSL_CTX_new() in -lssl... yes
checking for openssl/bio.h... yes
creating Makefile

To see why this extension failed to compile, please check the mkmf.log which can be found here:

  /Users/gespino/Desktop/Workspace/Misc/competency-matrix/bundle/extensions/x86_64-darwin-15/2.3.0/puma-3.10.0/mkmf.log

current directory: /Users/gespino/Desktop/Workspace/Misc/competency-matrix/bundle/gems/puma-3.10.0/ext/puma_http11
make "DESTDIR=" clean

current directory: /Users/gespino/Desktop/Workspace/Misc/competency-matrix/bundle/gems/puma-3.10.0/ext/puma_http11
make "DESTDIR="
compiling http11_parser.c
compiling io_buffer.c
compiling mini_ssl.c
compiling puma_http11.c
linking shared-object puma/puma_http11.bundle

current directory: /Users/gespino/Desktop/Workspace/Misc/competency-matrix/bundle/gems/puma-3.10.0/ext/puma_http11
make "DESTDIR=" install
/usr/bin/install -c -m 0755 puma_http11.bundle ./.gem.20170919-32746-1yl2ctx/puma
